<?xml version="1.0" encoding="UTF-8" ?>
<testsuite tests="6" failures="0" name="test.java.DatabaseTest" time="0.317" errors="0" skipped="0">
  <properties>
[...]
</properties>
  <testcase classname="test.java.DatabaseTest" name="testAdd" time="0"/>
  <testcase classname="test.java.DatabaseTest" name="testGet" time="0"/>
  <testcase classname="test.java.DatabaseTest" name="testClear" time="0.313"/>
  <testcase classname="test.java.DatabaseTest" name="testEdit" time="0.001"/>
  <testcase classname="test.java.DatabaseTest" name="testDelete" time="0.002"/>
  <testcase classname="test.java.DatabaseTest" name="testGetAll" time="0.001"/>
</testsuite>